No errors on assembly of 'c:\users\simeo\qsync\university\computer architectures\lab2_exam_prep\mapping.asm'
No errors on assembly of 'c:\users\simeo\qsync\university\computer architectures\lab2_exam_prep\mapping.asm'
No errors on assembly of 'c:\users\simeo\qsync\university\computer architectures\lab2_exam_prep\mapping.asm'
No errors on assembly of 'c:\users\simeo\qsync\university\computer architectures\lab2_exam_prep\mapping.asm'
c:\users\simeo\qsync\university\computer architectures\lab2_exam_prep\main.asm(62): as1 : Error 56: unrecognised opcode 'jra infinite_loop'
c:\users\simeo\qsync\university\computer architectures\lab2_exam_prep\main.asm(62): as1 : Error 69: Ambiguous label name 'jra infinite_loop'
2 errors on assembly of 'c:\users\simeo\qsync\university\computer architectures\lab2_exam_prep\main.asm'
c:\users\simeo\qsync\university\computer architectures\lab2_exam_prep\main.asm(62): as1 : Error 56: unrecognised opcode 'jra infinite_loop'
c:\users\simeo\qsync\university\computer architectures\lab2_exam_prep\main.asm(62): as1 : Error 69: Ambiguous label name 'jra infinite_loop'
2 errors on assembly of 'c:\users\simeo\qsync\university\computer architectures\lab2_exam_prep\main.asm'
No errors on assembly of 'c:\users\simeo\qsync\university\computer architectures\lab2_exam_prep\main.asm'
No errors on assembly of 'c:\users\simeo\qsync\university\computer architectures\lab2_exam_prep\main.asm'
No errors on assembly of 'c:\users\simeo\qsync\university\computer architectures\lab2_exam_prep\main.asm'
No errors on assembly of 'c:\users\simeo\qsync\university\computer architectures\lab2_exam_prep\stm8s105k.asm'
No errors on assembly of 'c:\users\simeo\qsync\university\computer architectures\lab2_exam_prep\stm8s105k.asm'
No errors on assembly of 'c:\users\simeo\qsync\university\computer architectures\lab2_exam_prep\main.asm'
No errors on assembly of 'c:\users\simeo\qsync\university\computer architectures\lab2_exam_prep\main.asm'
No errors on assembly of 'c:\users\simeo\qsync\university\computer architectures\lab2_exam_prep\main.asm'
No errors on assembly of 'c:\users\simeo\qsync\university\computer architectures\lab2_exam_prep\main.asm'
No errors on assembly of 'c:\users\simeo\qsync\university\computer architectures\lab2_exam_prep\main.asm'
No errors on assembly of 'c:\users\simeo\qsync\university\computer architectures\lab2_exam_prep\main.asm'
No errors on assembly of 'c:\users\simeo\qsync\university\computer architectures\lab2_exam_prep\main.asm'
No errors on assembly of 'c:\users\simeo\qsync\university\computer architectures\lab2_exam_prep\main.asm'
No errors on assembly of 'c:\users\simeo\qsync\university\computer architectures\lab2_exam_prep\main.asm'
No errors on assembly of 'c:\users\simeo\qsync\university\computer architectures\lab2_exam_prep\main.asm'
No errors on assembly of 'c:\users\simeo\qsync\university\computer architectures\lab2_exam_prep\main.asm'
No errors on assembly of 'c:\users\simeo\qsync\university\computer architectures\lab2_exam_prep\main.asm'
No errors on assembly of 'c:\users\simeo\qsync\university\computer architectures\lab2_exam_prep\main.asm'
No errors on assembly of 'c:\users\simeo\qsync\university\computer architectures\lab2_exam_prep\main.asm'
No errors on assembly of 'c:\users\simeo\qsync\university\computer architectures\lab2_exam_prep\main.asm'
No errors on assembly of 'c:\users\simeo\qsync\university\computer architectures\lab2_exam_prep\main.asm'
No errors on assembly of 'c:\users\simeo\qsync\university\computer architectures\lab2_exam_prep\main.asm'
No errors on assembly of 'c:\users\simeo\qsync\university\computer architectures\lab2_exam_prep\main.asm'
No errors on assembly of 'c:\users\simeo\qsync\university\computer architectures\lab2_exam_prep\main.asm'
No errors on assembly of 'c:\users\simeo\qsync\university\computer architectures\lab2_exam_prep\main.asm'
No errors on assembly of 'c:\users\simeo\qsync\university\computer architectures\lab2_exam_prep\main.asm'
No errors on assembly of 'c:\users\simeo\qsync\university\computer architectures\lab2_exam_prep\main.asm'
No errors on assembly of 'c:\users\simeo\qsync\university\computer architectures\lab2_exam_prep\main.asm'
No errors on assembly of 'c:\users\simeo\qsync\university\computer architectures\lab2_exam_prep\main.asm'
No errors on assembly of 'c:\users\simeo\qsync\university\computer architectures\lab2_exam_prep\main.asm'
No errors on assembly of 'c:\users\simeo\qsync\university\computer architectures\lab2_exam_prep\main.asm'
No errors on assembly of 'c:\users\simeo\qsync\university\computer architectures\lab2_exam_prep\main.asm'
No errors on assembly of 'c:\users\simeo\qsync\university\computer architectures\lab2_exam_prep\main.asm'
c:\users\simeo\qsync\university\computer architectures\lab2_exam_prep\main.asm(72): as1 : Error 54: Can't match Addressing mode '	jp infinite_loop'
1 error on assembly of 'c:\users\simeo\qsync\university\computer architectures\lab2_exam_prep\main.asm'
c:\users\simeo\qsync\university\computer architectures\lab2_exam_prep\main.asm(72): as1 : Error 54: Can't match Addressing mode '	jp infinite_loop'
1 error on assembly of 'c:\users\simeo\qsync\university\computer architectures\lab2_exam_prep\main.asm'
c:\users\simeo\qsync\university\computer architectures\lab2_exam_prep\main.asm(72): as1 : Error 54: Can't match Addressing mode '	jp infinite_loop'
1 error on assembly of 'c:\users\simeo\qsync\university\computer architectures\lab2_exam_prep\main.asm'
No errors on assembly of 'c:\users\simeo\qsync\university\computer architectures\lab2_exam_prep\main.asm'
No errors on assembly of 'c:\users\simeo\qsync\university\computer architectures\lab2_exam_prep\main.asm'
No errors on assembly of 'c:\users\simeo\qsync\university\computer architectures\lab2_exam_prep\main.asm'
No errors on assembly of 'c:\users\simeo\qsync\university\computer architectures\lab2_exam_prep\main.asm'
No errors on assembly of 'c:\users\simeo\qsync\university\computer architectures\lab2_exam_prep\main.asm'
No errors on assembly of 'c:\users\simeo\qsync\university\computer architectures\lab2_exam_prep\main.asm'
No errors on assembly of 'c:\users\simeo\qsync\university\computer architectures\lab2_exam_prep\main.asm'
No errors on assembly of 'c:\users\simeo\qsync\university\computer architectures\lab2_exam_prep\mapping.asm'
No errors on assembly of 'c:\users\simeo\qsync\university\computer architectures\lab2_exam_prep\main.asm'
No errors on assembly of 'c:\users\simeo\qsync\university\computer architectures\lab2_exam_prep\main.asm'
No errors on assembly of 'c:\users\simeo\qsync\university\computer architectures\lab2_exam_prep\main.asm'
No errors on assembly of 'c:\users\simeo\qsync\university\computer architectures\lab2_exam_prep\main_doorbell.asm'
No errors on assembly of 'c:\users\simeo\qsync\university\computer architectures\lab2_exam_prep\mapping.asm'
No errors on assembly of 'c:\users\simeo\qsync\university\computer architectures\lab2_exam_prep\mapping.asm'
No errors on assembly of 'c:\users\simeo\qsync\university\computer architectures\lab2_exam_prep\main_doorbell.asm'
No errors on assembly of 'c:\users\simeo\qsync\university\computer architectures\lab2_exam_prep\main_doorbell.asm'
No errors on assembly of 'c:\users\simeo\qsync\university\computer architectures\lab2_exam_prep\stm8s105k.asm'
No errors on assembly of 'c:\users\simeo\qsync\university\computer architectures\lab2_exam_prep\stm8s105k.asm'
No errors on assembly of 'c:\users\simeo\qsync\university\computer architectures\lab2_exam_prep\main_doorbell.asm'
No errors on assembly of 'c:\users\simeo\qsync\university\computer architectures\lab2_exam_prep\main_doorbell.asm'
No errors on assembly of 'c:\users\simeo\qsync\university\computer architectures\lab2_exam_prep\main_doorbell.asm'
No errors on assembly of 'c:\users\simeo\qsync\university\computer architectures\lab2_exam_prep\main_doorbell.asm'
No errors on assembly of 'c:\users\simeo\qsync\university\computer architectures\lab2_exam_prep\main_doorbell.asm'
No errors on assembly of 'c:\users\simeo\qsync\university\computer architectures\lab2_exam_prep\main_doorbell.asm'
No errors on assembly of 'c:\users\simeo\qsync\university\computer architectures\lab2_exam_prep\main_doorbell.asm'
No errors on assembly of 'c:\users\simeo\qsync\university\computer architectures\lab2_exam_prep\main_doorbell.asm'
No errors on assembly of 'c:\users\simeo\qsync\university\computer architectures\lab2_exam_prep\main_doorbell.asm'
No errors on assembly of 'c:\users\simeo\qsync\university\computer architectures\lab2_exam_prep\main_doorbell.asm'
No errors on assembly of 'c:\users\simeo\qsync\university\computer architectures\lab2_exam_prep\main_doorbell.asm'
No errors on assembly of 'c:\users\simeo\qsync\university\computer architectures\lab2_exam_prep\main_doorbell.asm'
No errors on assembly of 'c:\users\simeo\qsync\university\computer architectures\lab2_exam_prep\main_doorbell.asm'
No errors on assembly of 'c:\users\simeo\qsync\university\computer architectures\lab2_exam_prep\main_doorbell.asm'
No errors on assembly of 'c:\users\simeo\qsync\university\computer architectures\lab2_exam_prep\main_doorbell.asm'
No errors on assembly of 'c:\users\simeo\qsync\university\computer architectures\lab2_exam_prep\main_doorbell.asm'
No errors on assembly of 'c:\users\simeo\qsync\university\computer architectures\lab2_exam_prep\main_doorbell.asm'
No errors on assembly of 'c:\users\simeo\qsync\university\computer architectures\lab2_exam_prep\main_doorbell.asm'
No errors on assembly of 'c:\users\simeo\qsync\university\computer architectures\lab2_exam_prep\main_doorbell.asm'
No errors on assembly of 'c:\users\simeo\qsync\university\computer architectures\lab2_exam_prep\main_doorbell.asm'
No errors on assembly of 'c:\users\simeo\qsync\university\computer architectures\lab2_exam_prep\main_doorbell.asm'
No errors on assembly of 'c:\users\simeo\qsync\university\computer architectures\lab2_exam_prep\main_doorbell.asm'
No errors on assembly of 'c:\users\simeo\qsync\university\computer architectures\lab2_exam_prep\main_doorbell.asm'
No errors on assembly of 'c:\users\simeo\qsync\university\computer architectures\lab2_exam_prep\main_doorbell.asm'
