No errors on assembly of 'c:\users\simeo\qsync\university\computer architectures\lab1\mapping.asm'
No errors on assembly of 'c:\users\simeo\qsync\university\computer architectures\lab1\mapping.asm'
No errors on assembly of 'c:\users\simeo\qsync\university\computer architectures\lab1\mapping.asm'
c:\users\simeo\qsync\university\computer architectures\lab1\main.asm(126): as1 : Error 54: Can't match Addressing mode '	cp a, #256'
1 error on assembly of 'c:\users\simeo\qsync\university\computer architectures\lab1\main.asm'
c:\users\simeo\qsync\university\computer architectures\lab1\main.asm(126): as1 : Error 54: Can't match Addressing mode '	cp a, #256'
1 error on assembly of 'c:\users\simeo\qsync\university\computer architectures\lab1\main.asm'
c:\users\simeo\qsync\university\computer architectures\lab1\main.asm(126): as1 : Error 54: Can't match Addressing mode '	cp a, #256'
c:\users\simeo\qsync\university\computer architectures\lab1\main.asm(73): as2 : Error 46: Illegal undefined label 'delay'
2 errors on assembly of 'c:\users\simeo\qsync\university\computer architectures\lab1\main.asm'
No errors on assembly of 'c:\users\simeo\qsync\university\computer architectures\lab1\main.asm'
No errors on assembly of 'c:\users\simeo\qsync\university\computer architectures\lab1\main.asm'
No errors on assembly of 'c:\users\simeo\qsync\university\computer architectures\lab1\main.asm'
No errors on assembly of 'c:\users\simeo\qsync\university\computer architectures\lab1\stm8s105k.asm'
No errors on assembly of 'c:\users\simeo\qsync\university\computer architectures\lab1\stm8s105k.asm'
No errors on assembly of 'c:\users\simeo\qsync\university\computer architectures\lab1\main.asm'
No errors on assembly of 'c:\users\simeo\qsync\university\computer architectures\lab1\main.asm'
No errors on assembly of 'c:\users\simeo\qsync\university\computer architectures\lab1\main.asm'
No errors on assembly of 'c:\users\simeo\qsync\university\computer architectures\lab1\main.asm'
No errors on assembly of 'c:\users\simeo\qsync\university\computer architectures\lab1\main.asm'
No errors on assembly of 'c:\users\simeo\qsync\university\computer architectures\lab1\main.asm'
No errors on assembly of 'c:\users\simeo\qsync\university\computer architectures\lab1\main.asm'
No errors on assembly of 'c:\users\simeo\qsync\university\computer architectures\lab1\main.asm'
No errors on assembly of 'c:\users\simeo\qsync\university\computer architectures\lab1\main.asm'
No errors on assembly of 'c:\users\simeo\qsync\university\computer architectures\lab1\main.asm'
No errors on assembly of 'c:\users\simeo\qsync\university\computer architectures\lab1\main.asm'
No errors on assembly of 'c:\users\simeo\qsync\university\computer architectures\lab1\main.asm'
No errors on assembly of 'c:\users\simeo\qsync\university\computer architectures\lab1\main.asm'
