No errors on assembly of 'c:\users\simeo\qsync\university\computer architectures\lab3_examp_prep\ex1.asm'
No errors on assembly of 'c:\users\simeo\qsync\university\computer architectures\lab3_examp_prep\mapping.asm'
No errors on assembly of 'c:\users\simeo\qsync\university\computer architectures\lab3_examp_prep\mapping.asm'
No errors on assembly of 'c:\users\simeo\qsync\university\computer architectures\lab3_examp_prep\ex1.asm'
c:\users\simeo\qsync\university\computer architectures\lab3_examp_prep\ex1.asm(46): as2 : Error 46: Illegal undefined label 'PD_DDR, #3'
c:\users\simeo\qsync\university\computer architectures\lab3_examp_prep\ex1.asm(47): as2 : Error 46: Illegal undefined label 'PD_CR1, #3'
c:\users\simeo\qsync\university\computer architectures\lab3_examp_prep\ex1.asm(48): as2 : Error 46: Illegal undefined label 'PD_ODR, #3'
c:\users\simeo\qsync\university\computer architectures\lab3_examp_prep\ex1.asm(50): as2 : Error 46: Illegal undefined label 'TIM2_CR1, #0'
c:\users\simeo\qsync\university\computer architectures\lab3_examp_prep\ex1.asm(51): as2 : Error 46: Illegal undefined label 'TIM2_IER, #$0'
c:\users\simeo\qsync\university\computer architectures\lab3_examp_prep\ex1.asm(52): as2 : Error 46: Illegal undefined label 'TIM2_CCMR1, #%01100000'
c:\users\simeo\qsync\university\computer architectures\lab3_examp_prep\ex1.asm(53): as2 : Error 46: Illegal undefined label 'TIM2_CCER1, #$0'
c:\users\simeo\qsync\university\computer architectures\lab3_examp_prep\ex1.asm(54): as2 : Error 46: Illegal undefined label 'TIM2_ARRH, #$4E'
c:\users\simeo\qsync\university\computer architectures\lab3_examp_prep\ex1.asm(55): as2 : Error 46: Illegal undefined label 'TIM2_ARRL, #$20'
c:\users\simeo\qsync\university\computer architectures\lab3_examp_prep\ex1.asm(56): as2 : Error 46: Illegal undefined label 'TIM2_CCRH1, #$27'
c:\users\simeo\qsync\university\computer architectures\lab3_examp_prep\ex1.asm(57): as2 : Error 46: Illegal undefined label 'TIM2_CCRL1, #$10'
11 errors on assembly of 'c:\users\simeo\qsync\university\computer architectures\lab3_examp_prep\ex1.asm'
No errors on assembly of 'c:\users\simeo\qsync\university\computer architectures\lab3_examp_prep\ex1.asm'
No errors on assembly of 'c:\users\simeo\qsync\university\computer architectures\lab3_examp_prep\ex1.asm'
c:\users\simeo\qsync\university\computer architectures\lab3_examp_prep\ex1.asm(57): as2 : Error 46: Illegal undefined label 'TIM2_CCRH1, #$27'
c:\users\simeo\qsync\university\computer architectures\lab3_examp_prep\ex1.asm(58): as2 : Error 46: Illegal undefined label 'TIM2_CCRL1, #$10'
2 errors on assembly of 'c:\users\simeo\qsync\university\computer architectures\lab3_examp_prep\ex1.asm'
No errors on assembly of 'c:\users\simeo\qsync\university\computer architectures\lab3_examp_prep\ex1.asm'
No errors on assembly of 'c:\users\simeo\qsync\university\computer architectures\lab3_examp_prep\ex1.asm'
No errors on assembly of 'c:\users\simeo\qsync\university\computer architectures\lab3_examp_prep\ex1.asm'
No errors on assembly of 'c:\users\simeo\qsync\university\computer architectures\lab3_examp_prep\stm8s105k.asm'
No errors on assembly of 'c:\users\simeo\qsync\university\computer architectures\lab3_examp_prep\stm8s105k.asm'
c:\users\simeo\qsync\university\computer architectures\lab3_examp_prep\ex1.asm(61): as1 : Error 54: Can't match Addressing mode '	MOV TIM2_CCR1L, A'
1 error on assembly of 'c:\users\simeo\qsync\university\computer architectures\lab3_examp_prep\ex1.asm'
c:\users\simeo\qsync\university\computer architectures\lab3_examp_prep\ex1.asm(61): as1 : Error 54: Can't match Addressing mode '	MOV TIM2_CCR1L, A'
1 error on assembly of 'c:\users\simeo\qsync\university\computer architectures\lab3_examp_prep\ex1.asm'
c:\users\simeo\qsync\university\computer architectures\lab3_examp_prep\ex1.asm(61): as1 : Error 54: Can't match Addressing mode '	MOV TIM2_CCR1L, A'
1 error on assembly of 'c:\users\simeo\qsync\university\computer architectures\lab3_examp_prep\ex1.asm'
No errors on assembly of 'c:\users\simeo\qsync\university\computer architectures\lab3_examp_prep\ex1.asm'
No errors on assembly of 'c:\users\simeo\qsync\university\computer architectures\lab3_examp_prep\ex1.asm'
No errors on assembly of 'c:\users\simeo\qsync\university\computer architectures\lab3_examp_prep\ex1.asm'
No errors on assembly of 'c:\users\simeo\qsync\university\computer architectures\lab3_examp_prep\ex1.asm'
No errors on assembly of 'c:\users\simeo\qsync\university\computer architectures\lab3_examp_prep\ex1.asm'
No errors on assembly of 'c:\users\simeo\qsync\university\computer architectures\lab3_examp_prep\ex1.asm'
No errors on assembly of 'c:\users\simeo\qsync\university\computer architectures\lab3_examp_prep\ex1.asm'
No errors on assembly of 'c:\users\simeo\qsync\university\computer architectures\lab3_examp_prep\ex1.asm'
No errors on assembly of 'c:\users\simeo\qsync\university\computer architectures\lab3_examp_prep\ex1.asm'
No errors on assembly of 'c:\users\simeo\qsync\university\computer architectures\lab3_examp_prep\ex1.asm'
No errors on assembly of 'c:\users\simeo\qsync\university\computer architectures\lab3_examp_prep\ex1.asm'
No errors on assembly of 'c:\users\simeo\qsync\university\computer architectures\lab3_examp_prep\ex1.asm'
No errors on assembly of 'c:\users\simeo\qsync\university\computer architectures\lab3_examp_prep\ex1.asm'
No errors on assembly of 'c:\users\simeo\qsync\university\computer architectures\lab3_examp_prep\ex1.asm'
No errors on assembly of 'c:\users\simeo\qsync\university\computer architectures\lab3_examp_prep\ex1.asm'
No errors on assembly of 'c:\users\simeo\qsync\university\computer architectures\lab3_examp_prep\ex1.asm'
No errors on assembly of 'c:\users\simeo\qsync\university\computer architectures\lab3_examp_prep\ex1.asm'
No errors on assembly of 'c:\users\simeo\qsync\university\computer architectures\lab3_examp_prep\ex1.asm'
No errors on assembly of 'c:\users\simeo\qsync\university\computer architectures\lab3_examp_prep\ex3.asm'
No errors on assembly of 'c:\users\simeo\qsync\university\computer architectures\lab3_examp_prep\mapping.asm'
No errors on assembly of 'c:\users\simeo\qsync\university\computer architectures\lab3_examp_prep\mapping.asm'
No errors on assembly of 'c:\users\simeo\qsync\university\computer architectures\lab3_examp_prep\ex3.asm'
c:\users\simeo\qsync\university\computer architectures\lab3_examp_prep\ex3.asm(63): as2 : Error 46: Illegal undefined label 'rray_count'
1 error on assembly of 'c:\users\simeo\qsync\university\computer architectures\lab3_examp_prep\ex3.asm'
No errors on assembly of 'c:\users\simeo\qsync\university\computer architectures\lab3_examp_prep\ex3.asm'
No errors on assembly of 'c:\users\simeo\qsync\university\computer architectures\lab3_examp_prep\ex3.asm'
c:\users\simeo\qsync\university\computer architectures\lab3_examp_prep\ex3.asm(63): as2 : Error 46: Illegal undefined label 'rray_count'
1 error on assembly of 'c:\users\simeo\qsync\university\computer architectures\lab3_examp_prep\ex3.asm'
No errors on assembly of 'c:\users\simeo\qsync\university\computer architectures\lab3_examp_prep\ex3.asm'
No errors on assembly of 'c:\users\simeo\qsync\university\computer architectures\lab3_examp_prep\ex3.asm'
c:\users\simeo\qsync\university\computer architectures\lab3_examp_prep\ex3.asm(63): as2 : Error 46: Illegal undefined label 'RRAY_COUNT'
1 error on assembly of 'c:\users\simeo\qsync\university\computer architectures\lab3_examp_prep\ex3.asm'
No errors on assembly of 'c:\users\simeo\qsync\university\computer architectures\lab3_examp_prep\ex3.asm'
No errors on assembly of 'c:\users\simeo\qsync\university\computer architectures\lab3_examp_prep\ex3.asm'
No errors on assembly of 'c:\users\simeo\qsync\university\computer architectures\lab3_examp_prep\ex3.asm'
c:\users\simeo\qsync\university\computer architectures\lab3_examp_prep\ex3.asm(60): as1 : Error 54: Can't match Addressing mode '	sll Y'
1 error on assembly of 'c:\users\simeo\qsync\university\computer architectures\lab3_examp_prep\ex3.asm'
c:\users\simeo\qsync\university\computer architectures\lab3_examp_prep\ex3.asm(60): as1 : Error 54: Can't match Addressing mode '	sll Y'
1 error on assembly of 'c:\users\simeo\qsync\university\computer architectures\lab3_examp_prep\ex3.asm'
c:\users\simeo\qsync\university\computer architectures\lab3_examp_prep\ex3.asm(60): as1 : Error 54: Can't match Addressing mode '	sll Y'
1 error on assembly of 'c:\users\simeo\qsync\university\computer architectures\lab3_examp_prep\ex3.asm'
No errors on assembly of 'c:\users\simeo\qsync\university\computer architectures\lab3_examp_prep\ex3.asm'
No errors on assembly of 'c:\users\simeo\qsync\university\computer architectures\lab3_examp_prep\ex3.asm'
No errors on assembly of 'c:\users\simeo\qsync\university\computer architectures\lab3_examp_prep\ex3.asm'
c:\users\simeo\qsync\university\computer architectures\lab3_examp_prep\ex3.asm(61): as1 : Error 54: Can't match Addressing mode '	incw index'
1 error on assembly of 'c:\users\simeo\qsync\university\computer architectures\lab3_examp_prep\ex3.asm'
c:\users\simeo\qsync\university\computer architectures\lab3_examp_prep\ex3.asm(61): as1 : Error 54: Can't match Addressing mode '	incw index'
1 error on assembly of 'c:\users\simeo\qsync\university\computer architectures\lab3_examp_prep\ex3.asm'
c:\users\simeo\qsync\university\computer architectures\lab3_examp_prep\ex3.asm(61): as1 : Error 54: Can't match Addressing mode '	incw index'
1 error on assembly of 'c:\users\simeo\qsync\university\computer architectures\lab3_examp_prep\ex3.asm'
No errors on assembly of 'c:\users\simeo\qsync\university\computer architectures\lab3_examp_prep\ex3.asm'
No errors on assembly of 'c:\users\simeo\qsync\university\computer architectures\lab3_examp_prep\ex3.asm'
No errors on assembly of 'c:\users\simeo\qsync\university\computer architectures\lab3_examp_prep\ex3.asm'
No errors on assembly of 'c:\users\simeo\qsync\university\computer architectures\lab3_examp_prep\ex3.asm'
No errors on assembly of 'c:\users\simeo\qsync\university\computer architectures\lab3_examp_prep\ex3.asm'
No errors on assembly of 'c:\users\simeo\qsync\university\computer architectures\lab3_examp_prep\ex3.asm'
No errors on assembly of 'c:\users\simeo\qsync\university\computer architectures\lab3_examp_prep\ex3.asm'
No errors on assembly of 'c:\users\simeo\qsync\university\computer architectures\lab3_examp_prep\ex3.asm'
No errors on assembly of 'c:\users\simeo\qsync\university\computer architectures\lab3_examp_prep\ex3.asm'
No errors on assembly of 'c:\users\simeo\qsync\university\computer architectures\lab3_examp_prep\ex4.asm'
No errors on assembly of 'c:\users\simeo\qsync\university\computer architectures\lab3_examp_prep\mapping.asm'
No errors on assembly of 'c:\users\simeo\qsync\university\computer architectures\lab3_examp_prep\mapping.asm'
No errors on assembly of 'c:\users\simeo\qsync\university\computer architectures\lab3_examp_prep\ex4.asm'
c:\users\simeo\qsync\university\computer architectures\lab3_examp_prep\ex4.asm(50): as2 : Error 46: Illegal undefined label 'PD_DDR, #$FF'
c:\users\simeo\qsync\university\computer architectures\lab3_examp_prep\ex4.asm(51): as2 : Error 46: Illegal undefined label 'PD_CR1, #$FF'
c:\users\simeo\qsync\university\computer architectures\lab3_examp_prep\ex4.asm(53): as2 : Error 46: Illegal undefined label 'TIM3_CR1, #$0'
c:\users\simeo\qsync\university\computer architectures\lab3_examp_prep\ex4.asm(54): as2 : Error 46: Illegal undefined label 'TIM3_PSCR, #$07'
c:\users\simeo\qsync\university\computer architectures\lab3_examp_prep\ex4.asm(55): as2 : Error 46: Illegal undefined label 'TIM3_EGR, #$01'
c:\users\simeo\qsync\university\computer architectures\lab3_examp_prep\ex4.asm(56): as2 : Error 46: Illegal undefined label 'TIM3_IER, #$01'
c:\users\simeo\qsync\university\computer architectures\lab3_examp_prep\ex4.asm(57): as2 : Error 46: Illegal undefined label 'TIM3_ARRH, #$03'
c:\users\simeo\qsync\university\computer architectures\lab3_examp_prep\ex4.asm(58): as2 : Error 46: Illegal undefined label 'TIM3_ARRL, #$D0'
c:\users\simeo\qsync\university\computer architectures\lab3_examp_prep\ex4.asm(59): as2 : Error 46: Illegal undefined label 'TIM3_SR1, #$01'
c:\users\simeo\qsync\university\computer architectures\lab3_examp_prep\ex4.asm(67): as2 : Error 46: Illegal undefined label 'TIM3_CR1'
c:\users\simeo\qsync\university\computer architectures\lab3_examp_prep\ex4.asm(70): as2 : Error 46: Illegal undefined label 'PD_ODR, A'
c:\users\simeo\qsync\university\computer architectures\lab3_examp_prep\ex4.asm(71): as2 : Error 46: Illegal undefined label 'TIM3_CR1, #$01'
c:\users\simeo\qsync\university\computer architectures\lab3_examp_prep\ex4.asm(83): as2 : Error 46: Illegal undefined label 'TIM3_CR1, #0'
c:\users\simeo\qsync\university\computer architectures\lab3_examp_prep\ex4.asm(84): as2 : Error 46: Illegal undefined label 'TIM3_SR1, #0'
14 errors on assembly of 'c:\users\simeo\qsync\university\computer architectures\lab3_examp_prep\ex4.asm'
No errors on assembly of 'c:\users\simeo\qsync\university\computer architectures\lab3_examp_prep\ex4.asm'
No errors on assembly of 'c:\users\simeo\qsync\university\computer architectures\lab3_examp_prep\ex4.asm'
c:\users\simeo\qsync\university\computer architectures\lab3_examp_prep\ex4.asm(50): as2 : Error 46: Illegal undefined label 'PD_DDR, #$FF'
c:\users\simeo\qsync\university\computer architectures\lab3_examp_prep\ex4.asm(51): as2 : Error 46: Illegal undefined label 'PD_CR1, #$FF'
c:\users\simeo\qsync\university\computer architectures\lab3_examp_prep\ex4.asm(53): as2 : Error 46: Illegal undefined label 'TIM3_CR1, #$0'
c:\users\simeo\qsync\university\computer architectures\lab3_examp_prep\ex4.asm(54): as2 : Error 46: Illegal undefined label 'TIM3_PSCR, #$07'
c:\users\simeo\qsync\university\computer architectures\lab3_examp_prep\ex4.asm(55): as2 : Error 46: Illegal undefined label 'TIM3_EGR, #$01'
c:\users\simeo\qsync\university\computer architectures\lab3_examp_prep\ex4.asm(56): as2 : Error 46: Illegal undefined label 'TIM3_IER, #$01'
c:\users\simeo\qsync\university\computer architectures\lab3_examp_prep\ex4.asm(57): as2 : Error 46: Illegal undefined label 'TIM3_ARRH, #$03'
c:\users\simeo\qsync\university\computer architectures\lab3_examp_prep\ex4.asm(58): as2 : Error 46: Illegal undefined label 'TIM3_ARRL, #$D0'
c:\users\simeo\qsync\university\computer architectures\lab3_examp_prep\ex4.asm(59): as2 : Error 46: Illegal undefined label 'TIM3_SR1, #$01'
c:\users\simeo\qsync\university\computer architectures\lab3_examp_prep\ex4.asm(67): as2 : Error 46: Illegal undefined label 'TIM3_CR1'
c:\users\simeo\qsync\university\computer architectures\lab3_examp_prep\ex4.asm(70): as2 : Error 46: Illegal undefined label 'PD_ODR, A'
c:\users\simeo\qsync\university\computer architectures\lab3_examp_prep\ex4.asm(71): as2 : Error 46: Illegal undefined label 'TIM3_CR1, #$01'
c:\users\simeo\qsync\university\computer architectures\lab3_examp_prep\ex4.asm(83): as2 : Error 46: Illegal undefined label 'TIM3_CR1, #0'
c:\users\simeo\qsync\university\computer architectures\lab3_examp_prep\ex4.asm(84): as2 : Error 46: Illegal undefined label 'TIM3_SR1, #0'
14 errors on assembly of 'c:\users\simeo\qsync\university\computer architectures\lab3_examp_prep\ex4.asm'
No errors on assembly of 'c:\users\simeo\qsync\university\computer architectures\lab3_examp_prep\ex4.asm'
No errors on assembly of 'c:\users\simeo\qsync\university\computer architectures\lab3_examp_prep\ex4.asm'
No errors on assembly of 'c:\users\simeo\qsync\university\computer architectures\lab3_examp_prep\ex4.asm'
c:\users\simeo\qsync\university\computer architectures\lab3_examp_prep\ex4.asm(50): as2 : Error 46: Illegal undefined label 'PD_DDR, #$FF'
c:\users\simeo\qsync\university\computer architectures\lab3_examp_prep\ex4.asm(51): as2 : Error 46: Illegal undefined label 'PD_CR1, #$FF'
c:\users\simeo\qsync\university\computer architectures\lab3_examp_prep\ex4.asm(53): as2 : Error 46: Illegal undefined label 'TIM3_CR1, #$0'
c:\users\simeo\qsync\university\computer architectures\lab3_examp_prep\ex4.asm(54): as2 : Error 46: Illegal undefined label 'TIM3_PSCR, #$07'
c:\users\simeo\qsync\university\computer architectures\lab3_examp_prep\ex4.asm(55): as2 : Error 46: Illegal undefined label 'TIM3_EGR, #$01'
c:\users\simeo\qsync\university\computer architectures\lab3_examp_prep\ex4.asm(56): as2 : Error 46: Illegal undefined label 'TIM3_IER, #$01'
c:\users\simeo\qsync\university\computer architectures\lab3_examp_prep\ex4.asm(57): as2 : Error 46: Illegal undefined label 'TIM3_ARRH, #$03'
c:\users\simeo\qsync\university\computer architectures\lab3_examp_prep\ex4.asm(58): as2 : Error 46: Illegal undefined label 'TIM3_ARRL, #$D0'
c:\users\simeo\qsync\university\computer architectures\lab3_examp_prep\ex4.asm(59): as2 : Error 46: Illegal undefined label 'TIM3_SR1, #$01'
c:\users\simeo\qsync\university\computer architectures\lab3_examp_prep\ex4.asm(69): as2 : Error 46: Illegal undefined label 'TIM3_CR1'
c:\users\simeo\qsync\university\computer architectures\lab3_examp_prep\ex4.asm(72): as2 : Error 46: Illegal undefined label 'PD_ODR, A'
c:\users\simeo\qsync\university\computer architectures\lab3_examp_prep\ex4.asm(73): as2 : Error 46: Illegal undefined label 'TIM3_CR1, #$01'
c:\users\simeo\qsync\university\computer architectures\lab3_examp_prep\ex4.asm(85): as2 : Error 46: Illegal undefined label 'TIM3_CR1, #0'
c:\users\simeo\qsync\university\computer architectures\lab3_examp_prep\ex4.asm(86): as2 : Error 46: Illegal undefined label 'TIM3_SR1, #0'
14 errors on assembly of 'c:\users\simeo\qsync\university\computer architectures\lab3_examp_prep\ex4.asm'
No errors on assembly of 'c:\users\simeo\qsync\university\computer architectures\lab3_examp_prep\ex4.asm'
c:\users\simeo\qsync\university\computer architectures\lab3_examp_prep\ex4.asm(50): as2 : Error 46: Illegal undefined label 'PD_DDR, #$FF'
c:\users\simeo\qsync\university\computer architectures\lab3_examp_prep\ex4.asm(51): as2 : Error 46: Illegal undefined label 'PD_CR1, #$FF'
c:\users\simeo\qsync\university\computer architectures\lab3_examp_prep\ex4.asm(53): as2 : Error 46: Illegal undefined label 'TIM3_CR1, #$0'
c:\users\simeo\qsync\university\computer architectures\lab3_examp_prep\ex4.asm(54): as2 : Error 46: Illegal undefined label 'TIM3_PSCR, #$07'
c:\users\simeo\qsync\university\computer architectures\lab3_examp_prep\ex4.asm(55): as2 : Error 46: Illegal undefined label 'TIM3_EGR, #$01'
c:\users\simeo\qsync\university\computer architectures\lab3_examp_prep\ex4.asm(56): as2 : Error 46: Illegal undefined label 'TIM3_IER, #$01'
c:\users\simeo\qsync\university\computer architectures\lab3_examp_prep\ex4.asm(57): as2 : Error 46: Illegal undefined label 'TIM3_ARRH, #$03'
c:\users\simeo\qsync\university\computer architectures\lab3_examp_prep\ex4.asm(58): as2 : Error 46: Illegal undefined label 'TIM3_ARRL, #$D0'
c:\users\simeo\qsync\university\computer architectures\lab3_examp_prep\ex4.asm(59): as2 : Error 46: Illegal undefined label 'TIM3_SR1, #$01'
c:\users\simeo\qsync\university\computer architectures\lab3_examp_prep\ex4.asm(69): as2 : Error 46: Illegal undefined label 'TIM3_CR1'
c:\users\simeo\qsync\university\computer architectures\lab3_examp_prep\ex4.asm(72): as2 : Error 46: Illegal undefined label 'PD_ODR, A'
c:\users\simeo\qsync\university\computer architectures\lab3_examp_prep\ex4.asm(73): as2 : Error 46: Illegal undefined label 'TIM3_CR1, #$01'
c:\users\simeo\qsync\university\computer architectures\lab3_examp_prep\ex4.asm(85): as2 : Error 46: Illegal undefined label 'TIM3_CR1, #0'
c:\users\simeo\qsync\university\computer architectures\lab3_examp_prep\ex4.asm(86): as2 : Error 46: Illegal undefined label 'TIM3_SR1, #0'
14 errors on assembly of 'c:\users\simeo\qsync\university\computer architectures\lab3_examp_prep\ex4.asm'
No errors on assembly of 'c:\users\simeo\qsync\university\computer architectures\lab3_examp_prep\ex4.asm'
No errors on assembly of 'c:\users\simeo\qsync\university\computer architectures\lab3_examp_prep\ex4.asm'
No errors on assembly of 'c:\users\simeo\qsync\university\computer architectures\lab3_examp_prep\stm8s105k.asm'
No errors on assembly of 'c:\users\simeo\qsync\university\computer architectures\lab3_examp_prep\stm8s105k.asm'
No errors on assembly of 'c:\users\simeo\qsync\university\computer architectures\lab3_examp_prep\ex4.asm'
No errors on assembly of 'c:\users\simeo\qsync\university\computer architectures\lab3_examp_prep\ex4.asm'
No errors on assembly of 'c:\users\simeo\qsync\university\computer architectures\lab3_examp_prep\ex4.asm'
No errors on assembly of 'c:\users\simeo\qsync\university\computer architectures\lab3_examp_prep\ex4.asm'
No errors on assembly of 'c:\users\simeo\qsync\university\computer architectures\lab3_examp_prep\ex4.asm'
No errors on assembly of 'c:\users\simeo\qsync\university\computer architectures\lab3_examp_prep\ex4.asm'
No errors on assembly of 'c:\users\simeo\qsync\university\computer architectures\lab3_examp_prep\ex4.asm'
No errors on assembly of 'c:\users\simeo\qsync\university\computer architectures\lab3_examp_prep\ex4.asm'
No errors on assembly of 'c:\users\simeo\qsync\university\computer architectures\lab3_examp_prep\ex4.asm'
No errors on assembly of 'c:\users\simeo\qsync\university\computer architectures\lab3_examp_prep\ex4.asm'
No errors on assembly of 'c:\users\simeo\qsync\university\computer architectures\lab3_examp_prep\ex4.asm'
No errors on assembly of 'c:\users\simeo\qsync\university\computer architectures\lab3_examp_prep\ex4.asm'
No errors on assembly of 'c:\users\simeo\qsync\university\computer architectures\lab3_examp_prep\ex4.asm'
No errors on assembly of 'c:\users\simeo\qsync\university\computer architectures\lab3_examp_prep\ex4.asm'
No errors on assembly of 'c:\users\simeo\qsync\university\computer architectures\lab3_examp_prep\ex4.asm'
No errors on assembly of 'c:\users\simeo\qsync\university\computer architectures\lab3_examp_prep\ex4.asm'
No errors on assembly of 'c:\users\simeo\qsync\university\computer architectures\lab3_examp_prep\ex4.asm'
No errors on assembly of 'c:\users\simeo\qsync\university\computer architectures\lab3_examp_prep\ex4.asm'
c:\users\simeo\qsync\university\computer architectures\lab3_examp_prep\ex4.asm(77): as1 : Error 56: unrecognised opcode '	inw X'
1 error on assembly of 'c:\users\simeo\qsync\university\computer architectures\lab3_examp_prep\ex4.asm'
c:\users\simeo\qsync\university\computer architectures\lab3_examp_prep\ex4.asm(77): as1 : Error 56: unrecognised opcode '	inw X'
1 error on assembly of 'c:\users\simeo\qsync\university\computer architectures\lab3_examp_prep\ex4.asm'
c:\users\simeo\qsync\university\computer architectures\lab3_examp_prep\ex4.asm(77): as1 : Error 56: unrecognised opcode '	inw X'
1 error on assembly of 'c:\users\simeo\qsync\university\computer architectures\lab3_examp_prep\ex4.asm'
c:\users\simeo\qsync\university\computer architectures\lab3_examp_prep\ex4.asm(77): as1 : Error 56: unrecognised opcode '	inw X'
1 error on assembly of 'c:\users\simeo\qsync\university\computer architectures\lab3_examp_prep\ex4.asm'
c:\users\simeo\qsync\university\computer architectures\lab3_examp_prep\ex4.asm(77): as1 : Error 56: unrecognised opcode '	inw X'
1 error on assembly of 'c:\users\simeo\qsync\university\computer architectures\lab3_examp_prep\ex4.asm'
No errors on assembly of 'c:\users\simeo\qsync\university\computer architectures\lab3_examp_prep\ex4.asm'
No errors on assembly of 'c:\users\simeo\qsync\university\computer architectures\lab3_examp_prep\ex4.asm'
No errors on assembly of 'c:\users\simeo\qsync\university\computer architectures\lab3_examp_prep\ex4.asm'
No errors on assembly of 'c:\users\simeo\qsync\university\computer architectures\lab3_examp_prep\ex4.asm'
No errors on assembly of 'c:\users\simeo\qsync\university\computer architectures\lab3_examp_prep\ex4.asm'
No errors on assembly of 'c:\users\simeo\qsync\university\computer architectures\lab3_examp_prep\ex4.asm'
No errors on assembly of 'c:\users\simeo\qsync\university\computer architectures\lab3_examp_prep\ex4.asm'
No errors on assembly of 'c:\users\simeo\qsync\university\computer architectures\lab3_examp_prep\ex4.asm'
No errors on assembly of 'c:\users\simeo\qsync\university\computer architectures\lab3_examp_prep\ex4.asm'
c:\users\simeo\qsync\university\computer architectures\lab3_examp_prep\ex5.asm(91): as1 : Error 54: Can't match Addressing mode '	ldw X, (pitch,Y) ; fetch ARR value of tone.'
c:\users\simeo\qsync\university\computer architectures\lab3_examp_prep\ex5.asm(114): as1 : Error 54: Can't match Addressing mode '	ldw X, (pitch, Y)'
2 errors on assembly of 'c:\users\simeo\qsync\university\computer architectures\lab3_examp_prep\ex5.asm'
No errors on assembly of 'c:\users\simeo\qsync\university\computer architectures\lab3_examp_prep\mapping.asm'
No errors on assembly of 'c:\users\simeo\qsync\university\computer architectures\lab3_examp_prep\mapping.asm'
c:\users\simeo\qsync\university\computer architectures\lab3_examp_prep\ex5.asm(91): as1 : Error 54: Can't match Addressing mode '	ldw X, (pitch,Y) ; fetch ARR value of tone.'
c:\users\simeo\qsync\university\computer architectures\lab3_examp_prep\ex5.asm(114): as1 : Error 54: Can't match Addressing mode '	ldw X, (pitch, Y)'
2 errors on assembly of 'c:\users\simeo\qsync\university\computer architectures\lab3_examp_prep\ex5.asm'
c:\users\simeo\qsync\university\computer architectures\lab3_examp_prep\ex5.asm(91): as1 : Error 54: Can't match Addressing mode '	ldw X, (pitch,Y) ; fetch ARR value of tone.'
c:\users\simeo\qsync\university\computer architectures\lab3_examp_prep\ex5.asm(114): as1 : Error 54: Can't match Addressing mode '	ldw X, (pitch, Y)'
c:\users\simeo\qsync\university\computer architectures\lab3_examp_prep\ex5.asm(56): as2 : Error 46: Illegal undefined label 'PD_DDR, #$08'
c:\users\simeo\qsync\university\computer architectures\lab3_examp_prep\ex5.asm(57): as2 : Error 46: Illegal undefined label 'PD_CR1, #$08'
c:\users\simeo\qsync\university\computer architectures\lab3_examp_prep\ex5.asm(58): as2 : Error 46: Illegal undefined label 'PD_ODR, #$08'
c:\users\simeo\qsync\university\computer architectures\lab3_examp_prep\ex5.asm(59): as2 : Error 46: Illegal undefined label 'TIM2_CR1,#%0000001 ; counter enable ON '
c:\users\simeo\qsync\university\computer architectures\lab3_examp_prep\ex5.asm(60): as2 : Error 46: Illegal undefined label 'TIM2_IER,#$00 ; no interrupts are required for PWM '
c:\users\simeo\qsync\university\computer architectures\lab3_examp_prep\ex5.asm(61): as2 : Error 46: Illegal undefined label 'TIM2_CCMR1,#%01100000 ; PWM mode 1 + CC1 as output '
c:\users\simeo\qsync\university\computer architectures\lab3_examp_prep\ex5.asm(62): as2 : Error 46: Illegal undefined label 'TIM2_CCER1,#%00000000 ; CC1 output disabled '
c:\users\simeo\qsync\university\computer architectures\lab3_examp_prep\ex5.asm(65): as2 : Error 46: Illegal undefined label 'TIM3_CR1, #$0'
c:\users\simeo\qsync\university\computer architectures\lab3_examp_prep\ex5.asm(66): as2 : Error 46: Illegal undefined label 'TIM3_PSCR, #$07'
c:\users\simeo\qsync\university\computer architectures\lab3_examp_prep\ex5.asm(67): as2 : Error 46: Illegal undefined label 'TIM3_EGR, #$01'
c:\users\simeo\qsync\university\computer architectures\lab3_examp_prep\ex5.asm(68): as2 : Error 46: Illegal undefined label 'TIM3_IER, #$01'
c:\users\simeo\qsync\university\computer architectures\lab3_examp_prep\ex5.asm(69): as2 : Error 46: Illegal undefined label 'TIM3_ARRH, #$7A'
c:\users\simeo\qsync\university\computer architectures\lab3_examp_prep\ex5.asm(70): as2 : Error 46: Illegal undefined label 'TIM3_ARRL, #$12'
c:\users\simeo\qsync\university\computer architectures\lab3_examp_prep\ex5.asm(71): as2 : Error 46: Illegal undefined label 'TIM3_SR1, #$01'
c:\users\simeo\qsync\university\computer architectures\lab3_examp_prep\ex5.asm(85): as2 : Error 46: Illegal undefined label 'reverse_mode'
c:\users\simeo\qsync\university\computer architectures\lab3_examp_prep\ex5.asm(96): as2 : Error 46: Illegal undefined label 'TIM3_CR1'
c:\users\simeo\qsync\university\computer architectures\lab3_examp_prep\ex5.asm(100): as2 : Error 46: Illegal undefined label 'TIM3_CR1, #0'
c:\users\simeo\qsync\university\computer architectures\lab3_examp_prep\ex5.asm(117): as2 : Error 46: Illegal undefined label 'TIM3_CR1'
c:\users\simeo\qsync\university\computer architectures\lab3_examp_prep\ex5.asm(120): as2 : Error 46: Illegal undefined label 'TIM3_CR1, #0'
c:\users\simeo\qsync\university\computer architectures\lab3_examp_prep\ex5.asm(131): as2 : Error 46: Illegal undefined label 'TIM2_ARRH, A'
c:\users\simeo\qsync\university\computer architectures\lab3_examp_prep\ex5.asm(133): as2 : Error 46: Illegal undefined label 'TIM2_ARRL, A'
c:\users\simeo\qsync\university\computer architectures\lab3_examp_prep\ex5.asm(137): as2 : Error 46: Illegal undefined label 'TIM2_CCR1H, A'
c:\users\simeo\qsync\university\computer architectures\lab3_examp_prep\ex5.asm(139): as2 : Error 46: Illegal undefined label 'TIM2_CCR1L, A'
25 errors on assembly of 'c:\users\simeo\qsync\university\computer architectures\lab3_examp_prep\ex5.asm'
c:\users\simeo\qsync\university\computer architectures\lab3_examp_prep\ex5.asm(92): as1 : Error 54: Can't match Addressing mode '	ldw X, (pitch,Y) ; fetch ARR value of tone.'
c:\users\simeo\qsync\university\computer architectures\lab3_examp_prep\ex5.asm(115): as1 : Error 54: Can't match Addressing mode '	ldw X, (pitch, Y)'
2 errors on assembly of 'c:\users\simeo\qsync\university\computer architectures\lab3_examp_prep\ex5.asm'
c:\users\simeo\qsync\university\computer architectures\lab3_examp_prep\ex5.asm(92): as1 : Error 54: Can't match Addressing mode '	ldw X, (pitch,Y) ; fetch ARR value of tone.'
c:\users\simeo\qsync\university\computer architectures\lab3_examp_prep\ex5.asm(115): as1 : Error 54: Can't match Addressing mode '	ldw X, (pitch, Y)'
2 errors on assembly of 'c:\users\simeo\qsync\university\computer architectures\lab3_examp_prep\ex5.asm'
c:\users\simeo\qsync\university\computer architectures\lab3_examp_prep\ex5.asm(92): as1 : Error 54: Can't match Addressing mode '	ldw X, (pitch,Y) ; fetch ARR value of tone.'
c:\users\simeo\qsync\university\computer architectures\lab3_examp_prep\ex5.asm(115): as1 : Error 54: Can't match Addressing mode '	ldw X, (pitch, Y)'
c:\users\simeo\qsync\university\computer architectures\lab3_examp_prep\ex5.asm(86): as2 : Error 46: Illegal undefined label 'reverse_mode'
3 errors on assembly of 'c:\users\simeo\qsync\university\computer architectures\lab3_examp_prep\ex5.asm'
c:\users\simeo\qsync\university\computer architectures\lab3_examp_prep\ex5.asm(92): as1 : Error 54: Can't match Addressing mode '	ldw X, (pitch,Y) ; fetch ARR value of tone.'
1 error on assembly of 'c:\users\simeo\qsync\university\computer architectures\lab3_examp_prep\ex5.asm'
c:\users\simeo\qsync\university\computer architectures\lab3_examp_prep\ex5.asm(92): as1 : Error 54: Can't match Addressing mode '	ldw X, (pitch,Y) ; fetch ARR value of tone.'
1 error on assembly of 'c:\users\simeo\qsync\university\computer architectures\lab3_examp_prep\ex5.asm'
c:\users\simeo\qsync\university\computer architectures\lab3_examp_prep\ex5.asm(92): as1 : Error 54: Can't match Addressing mode '	ldw X, (pitch,Y) ; fetch ARR value of tone.'
c:\users\simeo\qsync\university\computer architectures\lab3_examp_prep\ex5.asm(86): as2 : Error 46: Illegal undefined label 'reverse_mode'
2 errors on assembly of 'c:\users\simeo\qsync\university\computer architectures\lab3_examp_prep\ex5.asm'
No errors on assembly of 'c:\users\simeo\qsync\university\computer architectures\lab3_examp_prep\ex5.asm'
No errors on assembly of 'c:\users\simeo\qsync\university\computer architectures\lab3_examp_prep\ex5.asm'
No errors on assembly of 'c:\users\simeo\qsync\university\computer architectures\lab3_examp_prep\ex5.asm'
No errors on assembly of 'c:\users\simeo\qsync\university\computer architectures\lab3_examp_prep\ex5.asm'
No errors on assembly of 'c:\users\simeo\qsync\university\computer architectures\lab3_examp_prep\ex5.asm'
No errors on assembly of 'c:\users\simeo\qsync\university\computer architectures\lab3_examp_prep\ex5.asm'
No errors on assembly of 'c:\users\simeo\qsync\university\computer architectures\lab3_examp_prep\ex5.asm'
No errors on assembly of 'c:\users\simeo\qsync\university\computer architectures\lab3_examp_prep\ex5.asm'
No errors on assembly of 'c:\users\simeo\qsync\university\computer architectures\lab3_examp_prep\stm8s105k.asm'
No errors on assembly of 'c:\users\simeo\qsync\university\computer architectures\lab3_examp_prep\stm8s105k.asm'
No errors on assembly of 'c:\users\simeo\qsync\university\computer architectures\lab3_examp_prep\ex5.asm'
No errors on assembly of 'c:\users\simeo\qsync\university\computer architectures\lab3_examp_prep\ex5.asm'
No errors on assembly of 'c:\users\simeo\qsync\university\computer architectures\lab3_examp_prep\ex5.asm'
No errors on assembly of 'c:\users\simeo\qsync\university\computer architectures\lab3_examp_prep\ex5.asm'
No errors on assembly of 'c:\users\simeo\qsync\university\computer architectures\lab3_examp_prep\ex5.asm'
No errors on assembly of 'c:\users\simeo\qsync\university\computer architectures\lab3_examp_prep\ex5.asm'
No errors on assembly of 'c:\users\simeo\qsync\university\computer architectures\lab3_examp_prep\ex5.asm'
No errors on assembly of 'c:\users\simeo\qsync\university\computer architectures\lab3_examp_prep\ex5.asm'
No errors on assembly of 'c:\users\simeo\qsync\university\computer architectures\lab3_examp_prep\ex5.asm'
No errors on assembly of 'c:\users\simeo\qsync\university\computer architectures\lab3_examp_prep\ex5.asm'
No errors on assembly of 'c:\users\simeo\qsync\university\computer architectures\lab3_examp_prep\ex5.asm'
No errors on assembly of 'c:\users\simeo\qsync\university\computer architectures\lab3_examp_prep\ex5.asm'
No errors on assembly of 'c:\users\simeo\qsync\university\computer architectures\lab3_examp_prep\ex4.asm'
No errors on assembly of 'c:\users\simeo\qsync\university\computer architectures\lab3_examp_prep\ex5.asm'
No errors on assembly of 'c:\users\simeo\qsync\university\computer architectures\lab3_examp_prep\mapping.asm'
No errors on assembly of 'c:\users\simeo\qsync\university\computer architectures\lab3_examp_prep\mapping.asm'
No errors on assembly of 'c:\users\simeo\qsync\university\computer architectures\lab3_examp_prep\ex5.asm'
No errors on assembly of 'c:\users\simeo\qsync\university\computer architectures\lab3_examp_prep\ex5.asm'
No errors on assembly of 'c:\users\simeo\qsync\university\computer architectures\lab3_examp_prep\stm8s105k.asm'
No errors on assembly of 'c:\users\simeo\qsync\university\computer architectures\lab3_examp_prep\stm8s105k.asm'
No errors on assembly of 'c:\users\simeo\qsync\university\computer architectures\lab3_examp_prep\ex5.asm'
No errors on assembly of 'c:\users\simeo\qsync\university\computer architectures\lab3_examp_prep\ex5.asm'
No errors on assembly of 'c:\users\simeo\qsync\university\computer architectures\lab3_examp_prep\ex5.asm'
No errors on assembly of 'c:\users\simeo\qsync\university\computer architectures\lab3_examp_prep\ex5.asm'
No errors on assembly of 'c:\users\simeo\qsync\university\computer architectures\lab3_examp_prep\ex5.asm'
No errors on assembly of 'c:\users\simeo\qsync\university\computer architectures\lab3_examp_prep\ex5.asm'
c:\users\simeo\qsync\university\computer architectures\lab3_examp_prep\ex5.asm(99): as1 : Error 54: Can't match Addressing mode '	cpw index, FORWARD_LIMIT'
1 error on assembly of 'c:\users\simeo\qsync\university\computer architectures\lab3_examp_prep\ex5.asm'
c:\users\simeo\qsync\university\computer architectures\lab3_examp_prep\ex5.asm(99): as1 : Error 54: Can't match Addressing mode '	cpw index, FORWARD_LIMIT'
1 error on assembly of 'c:\users\simeo\qsync\university\computer architectures\lab3_examp_prep\ex5.asm'
c:\users\simeo\qsync\university\computer architectures\lab3_examp_prep\ex5.asm(99): as1 : Error 54: Can't match Addressing mode '	cpw index, FORWARD_LIMIT'
1 error on assembly of 'c:\users\simeo\qsync\university\computer architectures\lab3_examp_prep\ex5.asm'
c:\users\simeo\qsync\university\computer architectures\lab3_examp_prep\ex5.asm(99): as1 : Error 54: Can't match Addressing mode '	cpw index, FORWARD_LIMIT'
1 error on assembly of 'c:\users\simeo\qsync\university\computer architectures\lab3_examp_prep\ex5.asm'
c:\users\simeo\qsync\university\computer architectures\lab3_examp_prep\ex5.asm(99): as1 : Error 54: Can't match Addressing mode '	cpw index, FORWARD_LIMIT'
1 error on assembly of 'c:\users\simeo\qsync\university\computer architectures\lab3_examp_prep\ex5.asm'
c:\users\simeo\qsync\university\computer architectures\lab3_examp_prep\ex5.asm(99): as1 : Error 54: Can't match Addressing mode '	cpw index, FORWARD_LIMIT'
1 error on assembly of 'c:\users\simeo\qsync\university\computer architectures\lab3_examp_prep\ex5.asm'
c:\users\simeo\qsync\university\computer architectures\lab3_examp_prep\ex5.asm(99): as1 : Error 54: Can't match Addressing mode '	cpw index, FORWARD_LIMIT'
1 error on assembly of 'c:\users\simeo\qsync\university\computer architectures\lab3_examp_prep\ex5.asm'
c:\users\simeo\qsync\university\computer architectures\lab3_examp_prep\ex5.asm(99): as1 : Error 54: Can't match Addressing mode '	cpw index, FORWARD_LIMIT'
1 error on assembly of 'c:\users\simeo\qsync\university\computer architectures\lab3_examp_prep\ex5.asm'
c:\users\simeo\qsync\university\computer architectures\lab3_examp_prep\ex5.asm(99): as1 : Error 54: Can't match Addressing mode '	cpw index, FORWARD_LIMIT'
1 error on assembly of 'c:\users\simeo\qsync\university\computer architectures\lab3_examp_prep\ex5.asm'
No errors on assembly of 'c:\users\simeo\qsync\university\computer architectures\lab3_examp_prep\ex5.asm'
No errors on assembly of 'c:\users\simeo\qsync\university\computer architectures\lab3_examp_prep\ex5.asm'
No errors on assembly of 'c:\users\simeo\qsync\university\computer architectures\lab3_examp_prep\ex5.asm'
No errors on assembly of 'c:\users\simeo\qsync\university\computer architectures\lab3_examp_prep\ex5.asm'
No errors on assembly of 'c:\users\simeo\qsync\university\computer architectures\lab3_examp_prep\ex5.asm'
No errors on assembly of 'c:\users\simeo\qsync\university\computer architectures\lab3_examp_prep\ex5.asm'
No errors on assembly of 'c:\users\simeo\qsync\university\computer architectures\lab3_examp_prep\ex5.asm'
No errors on assembly of 'c:\users\simeo\qsync\university\computer architectures\lab3_examp_prep\ex5.asm'
No errors on assembly of 'c:\users\simeo\qsync\university\computer architectures\lab3_examp_prep\ex5.asm'
No errors on assembly of 'c:\users\simeo\qsync\university\computer architectures\lab3_examp_prep\ex4.asm'
No errors on assembly of 'c:\users\simeo\qsync\university\computer architectures\lab3_examp_prep\ex4.asm'
No errors on assembly of 'c:\users\simeo\qsync\university\computer architectures\lab3_examp_prep\ex5.asm'
No errors on assembly of 'c:\users\simeo\qsync\university\computer architectures\lab3_examp_prep\mapping.asm'
No errors on assembly of 'c:\users\simeo\qsync\university\computer architectures\lab3_examp_prep\mapping.asm'
No errors on assembly of 'c:\users\simeo\qsync\university\computer architectures\lab3_examp_prep\ex5.asm'
No errors on assembly of 'c:\users\simeo\qsync\university\computer architectures\lab3_examp_prep\ex5.asm'
No errors on assembly of 'c:\users\simeo\qsync\university\computer architectures\lab3_examp_prep\stm8s105k.asm'
No errors on assembly of 'c:\users\simeo\qsync\university\computer architectures\lab3_examp_prep\stm8s105k.asm'
No errors on assembly of 'c:\users\simeo\qsync\university\computer architectures\lab3_examp_prep\ex5.asm'
No errors on assembly of 'c:\users\simeo\qsync\university\computer architectures\lab3_examp_prep\ex5.asm'
No errors on assembly of 'c:\users\simeo\qsync\university\computer architectures\lab3_examp_prep\ex5.asm'

c:\users\simeo\qsync\university\computer architectures\lab3_examp_prep\ex5.asm(131): as1 : Fatal 111: Illegal character at start of label '+	cpw Y, REVERSE_LIMIT'


c:\users\simeo\qsync\university\computer architectures\lab3_examp_prep\ex5.asm(131): as1 : Fatal 111: Illegal character at start of label '+	cpw Y, REVERSE_LIMIT'


c:\users\simeo\qsync\university\computer architectures\lab3_examp_prep\ex5.asm(131): as1 : Fatal 111: Illegal character at start of label '+	cpw Y, REVERSE_LIMIT'


c:\users\simeo\qsync\university\computer architectures\lab3_examp_prep\ex5.asm(131): as1 : Fatal 111: Illegal character at start of label '+	cpw Y, REVERSE_LIMIT'


c:\users\simeo\qsync\university\computer architectures\lab3_examp_prep\ex5.asm(131): as1 : Fatal 111: Illegal character at start of label '+	cpw Y, REVERSE_LIMIT'


c:\users\simeo\qsync\university\computer architectures\lab3_examp_prep\ex5.asm(131): as1 : Fatal 111: Illegal character at start of label '+	cpw Y, REVERSE_LIMIT'

No errors on assembly of 'c:\users\simeo\qsync\university\computer architectures\lab3_examp_prep\ex5.asm'
No errors on assembly of 'c:\users\simeo\qsync\university\computer architectures\lab3_examp_prep\ex5.asm'
No errors on assembly of 'c:\users\simeo\qsync\university\computer architectures\lab3_examp_prep\ex5.asm'
No errors on assembly of 'c:\users\simeo\qsync\university\computer architectures\lab3_examp_prep\ex5.asm'
No errors on assembly of 'c:\users\simeo\qsync\university\computer architectures\lab3_examp_prep\ex5.asm'
No errors on assembly of 'c:\users\simeo\qsync\university\computer architectures\lab3_examp_prep\ex5.asm'
No errors on assembly of 'c:\users\simeo\qsync\university\computer architectures\lab3_examp_prep\ex5.asm'
No errors on assembly of 'c:\users\simeo\qsync\university\computer architectures\lab3_examp_prep\ex5.asm'
No errors on assembly of 'c:\users\simeo\qsync\university\computer architectures\lab3_examp_prep\ex5.asm'
No errors on assembly of 'c:\users\simeo\qsync\university\computer architectures\lab3_examp_prep\ex5.asm'
No errors on assembly of 'c:\users\simeo\qsync\university\computer architectures\lab3_examp_prep\ex5.asm'
No errors on assembly of 'c:\users\simeo\qsync\university\computer architectures\lab3_examp_prep\ex5.asm'
No errors on assembly of 'c:\users\simeo\qsync\university\computer architectures\lab3_examp_prep\ex5.asm'
No errors on assembly of 'c:\users\simeo\qsync\university\computer architectures\lab3_examp_prep\ex5.asm'
No errors on assembly of 'c:\users\simeo\qsync\university\computer architectures\lab3_examp_prep\ex5.asm'
No errors on assembly of 'c:\users\simeo\qsync\university\computer architectures\lab3_examp_prep\ex5.asm'
No errors on assembly of 'c:\users\simeo\qsync\university\computer architectures\lab3_examp_prep\ex5.asm'
No errors on assembly of 'c:\users\simeo\qsync\university\computer architectures\lab3_examp_prep\ex5.asm'
No errors on assembly of 'c:\users\simeo\qsync\university\computer architectures\lab3_examp_prep\ex5.asm'
No errors on assembly of 'c:\users\simeo\qsync\university\computer architectures\lab3_examp_prep\ex5.asm'
No errors on assembly of 'c:\users\simeo\qsync\university\computer architectures\lab3_examp_prep\ex5.asm'
No errors on assembly of 'c:\users\simeo\qsync\university\computer architectures\lab3_examp_prep\ex5.asm'
No errors on assembly of 'c:\users\simeo\qsync\university\computer architectures\lab3_examp_prep\ex5.asm'
No errors on assembly of 'c:\users\simeo\qsync\university\computer architectures\lab3_examp_prep\ex5.asm'
No errors on assembly of 'c:\users\simeo\qsync\university\computer architectures\lab3_examp_prep\ex5.asm'
No errors on assembly of 'c:\users\simeo\qsync\university\computer architectures\lab3_examp_prep\ex5.asm'
No errors on assembly of 'c:\users\simeo\qsync\university\computer architectures\lab3_examp_prep\ex5.asm'
c:\users\simeo\qsync\university\computer architectures\lab3_examp_prep\ex5.asm(68): as1 : Error 53: missing hex number '	MOV TIM3_EGR, #$01'
1 error on assembly of 'c:\users\simeo\qsync\university\computer architectures\lab3_examp_prep\ex5.asm'
c:\users\simeo\qsync\university\computer architectures\lab3_examp_prep\ex5.asm(68): as1 : Error 53: missing hex number '	MOV TIM3_EGR, #$01'
1 error on assembly of 'c:\users\simeo\qsync\university\computer architectures\lab3_examp_prep\ex5.asm'
c:\users\simeo\qsync\university\computer architectures\lab3_examp_prep\ex5.asm(68): as1 : Error 53: missing hex number '	MOV TIM3_EGR, #$01'
1 error on assembly of 'c:\users\simeo\qsync\university\computer architectures\lab3_examp_prep\ex5.asm'
c:\users\simeo\qsync\university\computer architectures\lab3_examp_prep\ex5.asm(68): as1 : Error 53: missing hex number '	MOV TIM3_EGR, #$01'
1 error on assembly of 'c:\users\simeo\qsync\university\computer architectures\lab3_examp_prep\ex5.asm'
c:\users\simeo\qsync\university\computer architectures\lab3_examp_prep\ex5.asm(68): as1 : Error 53: missing hex number '	MOV TIM3_EGR, #$01'
1 error on assembly of 'c:\users\simeo\qsync\university\computer architectures\lab3_examp_prep\ex5.asm'
c:\users\simeo\qsync\university\computer architectures\lab3_examp_prep\ex5.asm(68): as1 : Error 53: missing hex number '	MOV TIM3_EGR, #$01'
1 error on assembly of 'c:\users\simeo\qsync\university\computer architectures\lab3_examp_prep\ex5.asm'
c:\users\simeo\qsync\university\computer architectures\lab3_examp_prep\ex5.asm(68): as1 : Error 53: missing hex number '	MOV TIM3_EGR, #$01'
1 error on assembly of 'c:\users\simeo\qsync\university\computer architectures\lab3_examp_prep\ex5.asm'
c:\users\simeo\qsync\university\computer architectures\lab3_examp_prep\ex5.asm(68): as1 : Error 53: missing hex number '	MOV TIM3_EGR, #$01'
1 error on assembly of 'c:\users\simeo\qsync\university\computer architectures\lab3_examp_prep\ex5.asm'
c:\users\simeo\qsync\university\computer architectures\lab3_examp_prep\ex5.asm(68): as1 : Error 53: missing hex number '	'
1 error on assembly of 'c:\users\simeo\qsync\university\computer architectures\lab3_examp_prep\ex5.asm'
c:\users\simeo\qsync\university\computer architectures\lab3_examp_prep\ex5.asm(68): as1 : Error 53: missing hex number '	'
1 error on assembly of 'c:\users\simeo\qsync\university\computer architectures\lab3_examp_prep\ex5.asm'
c:\users\simeo\qsync\university\computer architectures\lab3_examp_prep\ex5.asm(68): as1 : Error 53: missing hex number '	'
1 error on assembly of 'c:\users\simeo\qsync\university\computer architectures\lab3_examp_prep\ex5.asm'
No errors on assembly of 'c:\users\simeo\qsync\university\computer architectures\lab3_examp_prep\ex5.asm'
No errors on assembly of 'c:\users\simeo\qsync\university\computer architectures\lab3_examp_prep\ex5.asm'
No errors on assembly of 'c:\users\simeo\qsync\university\computer architectures\lab3_examp_prep\ex5.asm'
No errors on assembly of 'c:\users\simeo\qsync\university\computer architectures\lab3_examp_prep\ex5.asm'
No errors on assembly of 'c:\users\simeo\qsync\university\computer architectures\lab3_examp_prep\ex5.asm'
No errors on assembly of 'c:\users\simeo\qsync\university\computer architectures\lab3_examp_prep\ex5.asm'
No errors on assembly of 'c:\users\simeo\qsync\university\computer architectures\lab3_examp_prep\ex5.asm'
No errors on assembly of 'c:\users\simeo\qsync\university\computer architectures\lab3_examp_prep\ex5.asm'
No errors on assembly of 'c:\users\simeo\qsync\university\computer architectures\lab3_examp_prep\ex5.asm'
c:\users\simeo\qsync\university\computer architectures\lab3_examp_prep\ex5.asm(134): as1 : Error 54: Can't match Addressing mode '	cpw index, REVERSE_LIMIT'
1 error on assembly of 'c:\users\simeo\qsync\university\computer architectures\lab3_examp_prep\ex5.asm'
c:\users\simeo\qsync\university\computer architectures\lab3_examp_prep\ex5.asm(134): as1 : Error 54: Can't match Addressing mode '	cpw index, REVERSE_LIMIT'
1 error on assembly of 'c:\users\simeo\qsync\university\computer architectures\lab3_examp_prep\ex5.asm'
c:\users\simeo\qsync\university\computer architectures\lab3_examp_prep\ex5.asm(134): as1 : Error 54: Can't match Addressing mode '	cpw index, REVERSE_LIMIT'
1 error on assembly of 'c:\users\simeo\qsync\university\computer architectures\lab3_examp_prep\ex5.asm'
No errors on assembly of 'c:\users\simeo\qsync\university\computer architectures\lab3_examp_prep\mapping.asm'
No errors on assembly of 'c:\users\simeo\qsync\university\computer architectures\lab3_examp_prep\mapping.asm'
c:\users\simeo\qsync\university\computer architectures\lab3_examp_prep\ex5.asm(134): as1 : Error 54: Can't match Addressing mode '	cpw index, REVERSE_LIMIT'
1 error on assembly of 'c:\users\simeo\qsync\university\computer architectures\lab3_examp_prep\ex5.asm'
c:\users\simeo\qsync\university\computer architectures\lab3_examp_prep\ex5.asm(134): as1 : Error 54: Can't match Addressing mode '	cpw index, REVERSE_LIMIT'
1 error on assembly of 'c:\users\simeo\qsync\university\computer architectures\lab3_examp_prep\ex5.asm'
No errors on assembly of 'c:\users\simeo\qsync\university\computer architectures\lab3_examp_prep\ex5.asm'
No errors on assembly of 'c:\users\simeo\qsync\university\computer architectures\lab3_examp_prep\ex5.asm'
No errors on assembly of 'c:\users\simeo\qsync\university\computer architectures\lab3_examp_prep\ex5.asm'
No errors on assembly of 'c:\users\simeo\qsync\university\computer architectures\lab3_examp_prep\stm8s105k.asm'
No errors on assembly of 'c:\users\simeo\qsync\university\computer architectures\lab3_examp_prep\stm8s105k.asm'
No errors on assembly of 'c:\users\simeo\qsync\university\computer architectures\lab3_examp_prep\ex5.asm'
No errors on assembly of 'c:\users\simeo\qsync\university\computer architectures\lab3_examp_prep\ex5.asm'
No errors on assembly of 'c:\users\simeo\qsync\university\computer architectures\lab3_examp_prep\ex5.asm'
No errors on assembly of 'c:\users\simeo\qsync\university\computer architectures\lab3_examp_prep\ex5.asm'
No errors on assembly of 'c:\users\simeo\qsync\university\computer architectures\lab3_examp_prep\ex5.asm'
No errors on assembly of 'c:\users\simeo\qsync\university\computer architectures\lab3_examp_prep\ex5.asm'
No errors on assembly of 'c:\users\simeo\qsync\university\computer architectures\lab3_examp_prep\ex5.asm'
No errors on assembly of 'c:\users\simeo\qsync\university\computer architectures\lab3_examp_prep\ex5.asm'
No errors on assembly of 'c:\users\simeo\qsync\university\computer architectures\lab3_examp_prep\ex5.asm'
No errors on assembly of 'c:\users\simeo\qsync\university\computer architectures\lab3_examp_prep\ex5.asm'
No errors on assembly of 'c:\users\simeo\qsync\university\computer architectures\lab3_examp_prep\ex5.asm'
No errors on assembly of 'c:\users\simeo\qsync\university\computer architectures\lab3_examp_prep\ex5.asm'
No errors on assembly of 'c:\users\simeo\qsync\university\computer architectures\lab3_examp_prep\ex4.asm'
No errors on assembly of 'c:\users\simeo\qsync\university\computer architectures\lab3_examp_prep\mapping.asm'
No errors on assembly of 'c:\users\simeo\qsync\university\computer architectures\lab3_examp_prep\ex5.asm'
No errors on assembly of 'c:\users\simeo\qsync\university\computer architectures\lab3_examp_prep\stm8s105k.asm'
No errors on assembly of 'c:\users\simeo\qsync\university\computer architectures\lab3_examp_prep\ex5.asm'
No errors on assembly of 'c:\users\simeo\qsync\university\computer architectures\lab3_examp_prep\ex5.asm'
No errors on assembly of 'c:\users\simeo\qsync\university\computer architectures\lab3_examp_prep\ex5.asm'
