No errors on assembly of 'c:\users\simeo\qsync\university\computer architectures\lab4\mapping.asm'
No errors on assembly of 'c:\users\simeo\qsync\university\computer architectures\lab4\mapping.asm'
No errors on assembly of 'c:\users\simeo\qsync\university\computer architectures\lab4\mapping.asm'
c:\users\simeo\qsync\university\computer architectures\lab4\main.asm(53): as1 : Error 54: Can't match Addressing mode '	mov adc_value, #$2CD'
1 error on assembly of 'c:\users\simeo\qsync\university\computer architectures\lab4\main.asm'
c:\users\simeo\qsync\university\computer architectures\lab4\main.asm(53): as1 : Error 54: Can't match Addressing mode '	mov adc_value, #$2CD'
1 error on assembly of 'c:\users\simeo\qsync\university\computer architectures\lab4\main.asm'
c:\users\simeo\qsync\university\computer architectures\lab4\main.asm(53): as1 : Error 54: Can't match Addressing mode '	ld A, #$2CD ; 717 counts.'
1 error on assembly of 'c:\users\simeo\qsync\university\computer architectures\lab4\main.asm'
c:\users\simeo\qsync\university\computer architectures\lab4\main.asm(53): as1 : Error 54: Can't match Addressing mode '	ld A, #$2CD ; 717 counts.'
1 error on assembly of 'c:\users\simeo\qsync\university\computer architectures\lab4\main.asm'
c:\users\simeo\qsync\university\computer architectures\lab4\main.asm(53): as1 : Error 54: Can't match Addressing mode '	ld A, #$2CD ; 717 counts.'
1 error on assembly of 'c:\users\simeo\qsync\university\computer architectures\lab4\main.asm'
c:\users\simeo\qsync\university\computer architectures\lab4\main.asm(54): as1 : Error 54: Can't match Addressing mode '	SRL X'
c:\users\simeo\qsync\university\computer architectures\lab4\main.asm(55): as1 : Error 54: Can't match Addressing mode '	SRL X'
2 errors on assembly of 'c:\users\simeo\qsync\university\computer architectures\lab4\main.asm'
c:\users\simeo\qsync\university\computer architectures\lab4\main.asm(54): as1 : Error 54: Can't match Addressing mode '	SRL X'
c:\users\simeo\qsync\university\computer architectures\lab4\main.asm(55): as1 : Error 54: Can't match Addressing mode '	SRL X'
2 errors on assembly of 'c:\users\simeo\qsync\university\computer architectures\lab4\main.asm'
c:\users\simeo\qsync\university\computer architectures\lab4\main.asm(54): as1 : Error 54: Can't match Addressing mode '	SRL X'
c:\users\simeo\qsync\university\computer architectures\lab4\main.asm(55): as1 : Error 54: Can't match Addressing mode '	SRL X'
2 errors on assembly of 'c:\users\simeo\qsync\university\computer architectures\lab4\main.asm'
No errors on assembly of 'c:\users\simeo\qsync\university\computer architectures\lab4\main.asm'
No errors on assembly of 'c:\users\simeo\qsync\university\computer architectures\lab4\main.asm'
No errors on assembly of 'c:\users\simeo\qsync\university\computer architectures\lab4\main.asm'
No errors on assembly of 'c:\users\simeo\qsync\university\computer architectures\lab4\stm8s105k.asm'
No errors on assembly of 'c:\users\simeo\qsync\university\computer architectures\lab4\stm8s105k.asm'
No errors on assembly of 'c:\users\simeo\qsync\university\computer architectures\lab4\main.asm'
No errors on assembly of 'c:\users\simeo\qsync\university\computer architectures\lab4\main.asm'
No errors on assembly of 'c:\users\simeo\qsync\university\computer architectures\lab4\main.asm'
No errors on assembly of 'c:\users\simeo\qsync\university\computer architectures\lab4\main.asm'
No errors on assembly of 'c:\users\simeo\qsync\university\computer architectures\lab4\main.asm'
No errors on assembly of 'c:\users\simeo\qsync\university\computer architectures\lab4\main.asm'
c:\users\simeo\qsync\university\computer architectures\lab4\main.asm(17): as1 : Error 56: unrecognised opcode 'ldw X, #$2CD ; 717 counts.'
c:\users\simeo\qsync\university\computer architectures\lab4\main.asm(17): as1 : Error 69: Ambiguous label name 'ldw X, #$2CD ; 717 counts.'
2 errors on assembly of 'c:\users\simeo\qsync\university\computer architectures\lab4\main.asm'
c:\users\simeo\qsync\university\computer architectures\lab4\main.asm(17): as1 : Error 56: unrecognised opcode 'ldw X, #$2CD ; 717 counts.'
c:\users\simeo\qsync\university\computer architectures\lab4\main.asm(17): as1 : Error 69: Ambiguous label name 'ldw X, #$2CD ; 717 counts.'
2 errors on assembly of 'c:\users\simeo\qsync\university\computer architectures\lab4\main.asm'
c:\users\simeo\qsync\university\computer architectures\lab4\main.asm(17): as1 : Error 56: unrecognised opcode 'ldw X, #$2CD ; 717 counts.'
c:\users\simeo\qsync\university\computer architectures\lab4\main.asm(17): as1 : Error 69: Ambiguous label name 'ldw X, #$2CD ; 717 counts.'
2 errors on assembly of 'c:\users\simeo\qsync\university\computer architectures\lab4\main.asm'
c:\users\simeo\qsync\university\computer architectures\lab4\main.asm(17): as1 : Error 56: unrecognised opcode 'ldw X, #$2CD ; 717 counts.'
c:\users\simeo\qsync\university\computer architectures\lab4\main.asm(17): as1 : Error 69: Ambiguous label name 'ldw X, #$2CD ; 717 counts.'
2 errors on assembly of 'c:\users\simeo\qsync\university\computer architectures\lab4\main.asm'
c:\users\simeo\qsync\university\computer architectures\lab4\main.asm(17): as1 : Error 56: unrecognised opcode 'ldw X, #$2CD ; 717 counts.'
c:\users\simeo\qsync\university\computer architectures\lab4\main.asm(17): as1 : Error 69: Ambiguous label name 'ldw X, #$2CD ; 717 counts.'
2 errors on assembly of 'c:\users\simeo\qsync\university\computer architectures\lab4\main.asm'
c:\users\simeo\qsync\university\computer architectures\lab4\main.asm(17): as1 : Error 56: unrecognised opcode 'ldw X, #$2CD ; 717 counts.'
c:\users\simeo\qsync\university\computer architectures\lab4\main.asm(17): as1 : Error 69: Ambiguous label name 'ldw X, #$2CD ; 717 counts.'
2 errors on assembly of 'c:\users\simeo\qsync\university\computer architectures\lab4\main.asm'
No errors on assembly of 'c:\users\simeo\qsync\university\computer architectures\lab4\main.asm'
No errors on assembly of 'c:\users\simeo\qsync\university\computer architectures\lab4\main.asm'
No errors on assembly of 'c:\users\simeo\qsync\university\computer architectures\lab4\main.asm'
c:\users\simeo\qsync\university\computer architectures\lab4\main.asm(44): as1 : Error 56: unrecognised opcode 'second_way;second solution: we don't cut off 2 bits from ADC'
1 error on assembly of 'c:\users\simeo\qsync\university\computer architectures\lab4\main.asm'
c:\users\simeo\qsync\university\computer architectures\lab4\main.asm(44): as1 : Error 56: unrecognised opcode 'second_way;second solution: we don't cut off 2 bits from ADC'
1 error on assembly of 'c:\users\simeo\qsync\university\computer architectures\lab4\main.asm'
c:\users\simeo\qsync\university\computer architectures\lab4\main.asm(44): as1 : Error 56: unrecognised opcode 'second_way;second solution: we don't cut off 2 bits from ADC'
1 error on assembly of 'c:\users\simeo\qsync\university\computer architectures\lab4\main.asm'
No errors on assembly of 'c:\users\simeo\qsync\university\computer architectures\lab4\main.asm'
No errors on assembly of 'c:\users\simeo\qsync\university\computer architectures\lab4\main.asm'
No errors on assembly of 'c:\users\simeo\qsync\university\computer architectures\lab4\main.asm'
No errors on assembly of 'c:\users\simeo\qsync\university\computer architectures\lab4\main.asm'
No errors on assembly of 'c:\users\simeo\qsync\university\computer architectures\lab4\main.asm'
No errors on assembly of 'c:\users\simeo\qsync\university\computer architectures\lab4\main.asm'
No errors on assembly of 'c:\users\simeo\qsync\university\computer architectures\lab4\main.asm'
No errors on assembly of 'c:\users\simeo\qsync\university\computer architectures\lab4\main.asm'
No errors on assembly of 'c:\users\simeo\qsync\university\computer architectures\lab4\main.asm'
No errors on assembly of 'c:\users\simeo\qsync\university\computer architectures\lab4\main.asm'
No errors on assembly of 'c:\users\simeo\qsync\university\computer architectures\lab4\mapping.asm'
No errors on assembly of 'c:\users\simeo\qsync\university\computer architectures\lab4\main.asm'
No errors on assembly of 'c:\users\simeo\qsync\university\computer architectures\lab4\main.asm'
No errors on assembly of 'c:\users\simeo\qsync\university\computer architectures\lab4\main.asm'
c:\users\simeo\qsync\university\computer architectures\lab4\main_pointers.asm(10): as1 : Error 56: unrecognised opcode 'segment 'rom''

c:\users\simeo\qsync\university\computer architectures\lab4\main_pointers.asm(11): as1 : Fatal 71: Cannot have code in segment prev containing DS.x! .. only for non-[void] segs! 'D->C'

No errors on assembly of 'c:\users\simeo\qsync\university\computer architectures\lab4\mapping.asm'
No errors on assembly of 'c:\users\simeo\qsync\university\computer architectures\lab4\mapping.asm'
c:\users\simeo\qsync\university\computer architectures\lab4\main_pointers.asm(10): as1 : Error 56: unrecognised opcode 'segment 'rom''

c:\users\simeo\qsync\university\computer architectures\lab4\main_pointers.asm(11): as1 : Fatal 71: Cannot have code in segment prev containing DS.x! .. only for non-[void] segs! 'D->C'

c:\users\simeo\qsync\university\computer architectures\lab4\main_pointers.asm(10): as1 : Error 56: unrecognised opcode 'segment 'rom''

c:\users\simeo\qsync\university\computer architectures\lab4\main_pointers.asm(11): as1 : Fatal 71: Cannot have code in segment prev containing DS.x! .. only for non-[void] segs! 'D->C'

c:\users\simeo\qsync\university\computer architectures\lab4\main_pointers.asm(10): as1 : Error 56: unrecognised opcode 'segment 'rom''

c:\users\simeo\qsync\university\computer architectures\lab4\main_pointers.asm(11): as1 : Fatal 71: Cannot have code in segment prev containing DS.x! .. only for non-[void] segs! 'D->C'

c:\users\simeo\qsync\university\computer architectures\lab4\main_pointers.asm(10): as1 : Error 56: unrecognised opcode 'segment 'rom''

c:\users\simeo\qsync\university\computer architectures\lab4\main_pointers.asm(11): as1 : Fatal 71: Cannot have code in segment prev containing DS.x! .. only for non-[void] segs! 'D->C'

c:\users\simeo\qsync\university\computer architectures\lab4\main_pointers.asm(10): as1 : Error 56: unrecognised opcode 'segment 'rom''

c:\users\simeo\qsync\university\computer architectures\lab4\main_pointers.asm(11): as1 : Fatal 71: Cannot have code in segment prev containing DS.x! .. only for non-[void] segs! 'D->C'

No errors on assembly of 'c:\users\simeo\qsync\university\computer architectures\lab4\main_pointers.asm'
No errors on assembly of 'c:\users\simeo\qsync\university\computer architectures\lab4\main_pointers.asm'
c:\users\simeo\qsync\university\computer architectures\lab4\main_pointers.asm(35): as2 : Error 46: Illegal undefined label 'main}									; reset'
1 error on assembly of 'c:\users\simeo\qsync\university\computer architectures\lab4\main_pointers.asm'
No errors on assembly of 'c:\users\simeo\qsync\university\computer architectures\lab4\main_pointers.asm'
No errors on assembly of 'c:\users\simeo\qsync\university\computer architectures\lab4\main_pointers.asm'
No errors on assembly of 'c:\users\simeo\qsync\university\computer architectures\lab4\main_pointers.asm'
No errors on assembly of 'c:\users\simeo\qsync\university\computer architectures\lab4\stm8s105k.asm'
No errors on assembly of 'c:\users\simeo\qsync\university\computer architectures\lab4\stm8s105k.asm'
No errors on assembly of 'c:\users\simeo\qsync\university\computer architectures\lab4\main_pointers.asm'
No errors on assembly of 'c:\users\simeo\qsync\university\computer architectures\lab4\main_pointers.asm'
No errors on assembly of 'c:\users\simeo\qsync\university\computer architectures\lab4\main_pointers.asm'
No errors on assembly of 'c:\users\simeo\qsync\university\computer architectures\lab4\main_pointers.asm'
No errors on assembly of 'c:\users\simeo\qsync\university\computer architectures\lab4\main_pointers.asm'
No errors on assembly of 'c:\users\simeo\qsync\university\computer architectures\lab4\main_pointers.asm'
No errors on assembly of 'c:\users\simeo\qsync\university\computer architectures\lab4\main_parameter_passing.asm'
No errors on assembly of 'c:\users\simeo\qsync\university\computer architectures\lab4\mapping.asm'
No errors on assembly of 'c:\users\simeo\qsync\university\computer architectures\lab4\mapping.asm'
No errors on assembly of 'c:\users\simeo\qsync\university\computer architectures\lab4\main_parameter_passing.asm'
No errors on assembly of 'c:\users\simeo\qsync\university\computer architectures\lab4\main_parameter_passing.asm'
No errors on assembly of 'c:\users\simeo\qsync\university\computer architectures\lab4\stm8s105k.asm'
No errors on assembly of 'c:\users\simeo\qsync\university\computer architectures\lab4\stm8s105k.asm'
No errors on assembly of 'c:\users\simeo\qsync\university\computer architectures\lab4\main_parameter_passing.asm'
No errors on assembly of 'c:\users\simeo\qsync\university\computer architectures\lab4\main_parameter_passing.asm'
No errors on assembly of 'c:\users\simeo\qsync\university\computer architectures\lab4\main_parameter_passing.asm'
No errors on assembly of 'c:\users\simeo\qsync\university\computer architectures\lab4\main_parameter_passing.asm'
No errors on assembly of 'c:\users\simeo\qsync\university\computer architectures\lab4\main_parameter_passing.asm'
No errors on assembly of 'c:\users\simeo\qsync\university\computer architectures\lab4\main_parameter_passing.asm'
No errors on assembly of 'c:\users\simeo\qsync\university\computer architectures\lab4\main_parameter_passing.asm'
No errors on assembly of 'c:\users\simeo\qsync\university\computer architectures\lab4\main_parameter_passing.asm'
No errors on assembly of 'c:\users\simeo\qsync\university\computer architectures\lab4\main_parameter_passing.asm'
No errors on assembly of 'c:\users\simeo\qsync\university\computer architectures\lab4\main_parameter_passing.asm'
No errors on assembly of 'c:\users\simeo\qsync\university\computer architectures\lab4\main_parameter_passing.asm'
No errors on assembly of 'c:\users\simeo\qsync\university\computer architectures\lab4\main_parameter_passing.asm'
c:\users\simeo\qsync\university\computer architectures\lab4\main_parameter_passing.asm(52): as1 : Error 67: Improper Character(s) '-3'
c:\users\simeo\qsync\university\computer architectures\lab4\main_parameter_passing.asm(53): as1 : Error 67: Improper Character(s) '-7'
2 errors on assembly of 'c:\users\simeo\qsync\university\computer architectures\lab4\main_parameter_passing.asm'
c:\users\simeo\qsync\university\computer architectures\lab4\main_parameter_passing.asm(52): as1 : Error 67: Improper Character(s) '-3'
c:\users\simeo\qsync\university\computer architectures\lab4\main_parameter_passing.asm(53): as1 : Error 67: Improper Character(s) '-7'
2 errors on assembly of 'c:\users\simeo\qsync\university\computer architectures\lab4\main_parameter_passing.asm'
c:\users\simeo\qsync\university\computer architectures\lab4\main_parameter_passing.asm(52): as1 : Error 67: Improper Character(s) '-3'
c:\users\simeo\qsync\university\computer architectures\lab4\main_parameter_passing.asm(53): as1 : Error 67: Improper Character(s) '-7'
2 errors on assembly of 'c:\users\simeo\qsync\university\computer architectures\lab4\main_parameter_passing.asm'
c:\users\simeo\qsync\university\computer architectures\lab4\main_parameter_passing.asm(52): as1 : Error 67: Improper Character(s) '-3'
c:\users\simeo\qsync\university\computer architectures\lab4\main_parameter_passing.asm(53): as1 : Error 67: Improper Character(s) '-7'
2 errors on assembly of 'c:\users\simeo\qsync\university\computer architectures\lab4\main_parameter_passing.asm'
c:\users\simeo\qsync\university\computer architectures\lab4\main_parameter_passing.asm(52): as1 : Error 67: Improper Character(s) '-3'
c:\users\simeo\qsync\university\computer architectures\lab4\main_parameter_passing.asm(53): as1 : Error 67: Improper Character(s) '-7'
2 errors on assembly of 'c:\users\simeo\qsync\university\computer architectures\lab4\main_parameter_passing.asm'
c:\users\simeo\qsync\university\computer architectures\lab4\main_parameter_passing.asm(52): as1 : Error 67: Improper Character(s) '-3'
c:\users\simeo\qsync\university\computer architectures\lab4\main_parameter_passing.asm(53): as1 : Error 67: Improper Character(s) '-7'
2 errors on assembly of 'c:\users\simeo\qsync\university\computer architectures\lab4\main_parameter_passing.asm'
c:\users\simeo\qsync\university\computer architectures\lab4\main_parameter_passing.asm(52): as1 : Error 67: Improper Character(s) '-3'
c:\users\simeo\qsync\university\computer architectures\lab4\main_parameter_passing.asm(53): as1 : Error 67: Improper Character(s) '-7'
2 errors on assembly of 'c:\users\simeo\qsync\university\computer architectures\lab4\main_parameter_passing.asm'
No errors on assembly of 'c:\users\simeo\qsync\university\computer architectures\lab4\main_parameter_passing.asm'
No errors on assembly of 'c:\users\simeo\qsync\university\computer architectures\lab4\main_parameter_passing.asm'
No errors on assembly of 'c:\users\simeo\qsync\university\computer architectures\lab4\main_parameter_passing.asm'
